c:\dev\gl_engine\sandbox\bin\intermediates\x64\debug\vc141.pdb
c:\dev\gl_engine\sandbox\bin\intermediates\x64\debug\vc141.idb
c:\dev\gl_engine\sandbox\bin\intermediates\x64\debug\texture.obj
c:\dev\gl_engine\sandbox\bin\intermediates\x64\debug\shader.obj
c:\dev\gl_engine\sandbox\bin\intermediates\x64\debug\mesh.obj
c:\dev\gl_engine\sandbox\bin\intermediates\x64\debug\main.obj
c:\dev\gl_engine\sandbox\bin\intermediates\x64\debug\display.obj
c:\dev\github\intro_opengl\bin\intermediates\x64\debug\vc141.pdb
c:\dev\github\intro_opengl\bin\intermediates\x64\debug\vc141.idb
c:\dev\github\intro_opengl\bin\intermediates\x64\debug\texture.obj
c:\dev\github\intro_opengl\bin\intermediates\x64\debug\shader.obj
c:\dev\github\intro_opengl\bin\intermediates\x64\debug\mesh.obj
c:\dev\github\intro_opengl\bin\intermediates\x64\debug\main.obj
c:\dev\github\intro_opengl\bin\intermediates\x64\debug\display.obj
c:\dev\gl_engine\sandbox\bin\x64\debug\sandbox.ilk
c:\dev\gl_engine\sandbox\bin\x64\debug\sandbox.exe
c:\dev\gl_engine\sandbox\bin\x64\debug\sandbox.pdb
c:\dev\github\intro_opengl\bin\x64\debug\sandbox.exe
c:\dev\github\intro_opengl\bin\x64\debug\sandbox.ilk
c:\dev\github\intro_opengl\bin\x64\debug\sandbox.pdb
c:\dev\github\intro_opengl\bin\intermediates\x64\debug\sandbox.tlog\cl.command.1.tlog
c:\dev\github\intro_opengl\bin\intermediates\x64\debug\sandbox.tlog\cl.read.1.tlog
c:\dev\github\intro_opengl\bin\intermediates\x64\debug\sandbox.tlog\cl.write.1.tlog
c:\dev\github\intro_opengl\bin\intermediates\x64\debug\sandbox.tlog\link.command.1.tlog
c:\dev\github\intro_opengl\bin\intermediates\x64\debug\sandbox.tlog\link.read.1.tlog
c:\dev\github\intro_opengl\bin\intermediates\x64\debug\sandbox.tlog\link.write.1.tlog
